<?xml version="1.0" encoding="UTF-8"?>
<testsuite xmlns:xsi="http://www.w3.org/2001/XMLSchema-instance" xsi:noNamespaceSchemaLocation="https://maven.apache.org/surefire/maven-surefire-plugin/xsd/surefire-test-report.xsd" version="3.0.2" name="beck.backend.BackendApplicationTests" time="5.05" tests="1" errors="0" skipped="0" failures="0">
  <properties>
    <property name="java.specification.version" value="17"/>
    <property name="sun.cpu.isalist" value="amd64"/>
    <property name="sun.jnu.encoding" value="Cp1252"/>
    <property name="java.class.path" value="C:\Users\kenji\Downloads\eventure\eventure\backend\target\test-classes;C:\Users\kenji\Downloads\eventure\eventure\backend\target\classes;C:\Users\kenji\.m2\repository\org\projectlombok\lombok\1.18.34\lombok-1.18.34.jar;C:\Users\kenji\.m2\repository\org\springframework\boot\spring-boot-starter-web\3.5.6\spring-boot-starter-web-3.5.6.jar;C:\Users\kenji\.m2\repository\org\springframework\boot\spring-boot-starter\3.5.6\spring-boot-starter-3.5.6.jar;C:\Users\kenji\.m2\repository\org\springframework\boot\spring-boot\3.5.6\spring-boot-3.5.6.jar;C:\Users\kenji\.m2\repository\org\springframework\boot\spring-boot-autoconfigure\3.5.6\spring-boot-autoconfigure-3.5.6.jar;C:\Users\kenji\.m2\repository\org\springframework\boot\spring-boot-starter-logging\3.5.6\spring-boot-starter-logging-3.5.6.jar;C:\Users\kenji\.m2\repository\ch\qos\logback\logback-classic\1.5.18\logback-classic-1.5.18.jar;C:\Users\kenji\.m2\repository\ch\qos\logback\logback-core\1.5.18\logback-core-1.5.18.jar;C:\Users\kenji\.m2\repository\org\apache\logging\log4j\log4j-to-slf4j\2.24.3\log4j-to-slf4j-2.24.3.jar;C:\Users\kenji\.m2\repository\org\apache\logging\log4j\log4j-api\2.24.3\log4j-api-2.24.3.jar;C:\Users\kenji\.m2\repository\org\slf4j\jul-to-slf4j\2.0.17\jul-to-slf4j-2.0.17.jar;C:\Users\kenji\.m2\repository\jakarta\annotation\jakarta.annotation-api\2.1.1\jakarta.annotation-api-2.1.1.jar;C:\Users\kenji\.m2\repository\org\yaml\snakeyaml\2.4\snakeyaml-2.4.jar;C:\Users\kenji\.m2\repository\org\springframework\boot\spring-boot-starter-json\3.5.6\spring-boot-starter-json-3.5.6.jar;C:\Users\kenji\.m2\repository\com\fasterxml\jackson\core\jackson-databind\2.19.2\jackson-databind-2.19.2.jar;C:\Users\kenji\.m2\repository\com\fasterxml\jackson\core\jackson-annotations\2.19.2\jackson-annotations-2.19.2.jar;C:\Users\kenji\.m2\repository\com\fasterxml\jackson\core\jackson-core\2.19.2\jackson-core-2.19.2.jar;C:\Users\kenji\.m2\repository\com\fasterxml\jackson\datatype\jackson-datatype-jdk8\2.19.2\jackson-datatype-jdk8-2.19.2.jar;C:\Users\kenji\.m2\repository\com\fasterxml\jackson\datatype\jackson-datatype-jsr310\2.19.2\jackson-datatype-jsr310-2.19.2.jar;C:\Users\kenji\.m2\repository\com\fasterxml\jackson\module\jackson-module-parameter-names\2.19.2\jackson-module-parameter-names-2.19.2.jar;C:\Users\kenji\.m2\repository\org\springframework\boot\spring-boot-starter-tomcat\3.5.6\spring-boot-starter-tomcat-3.5.6.jar;C:\Users\kenji\.m2\repository\org\apache\tomcat\embed\tomcat-embed-core\10.1.46\tomcat-embed-core-10.1.46.jar;C:\Users\kenji\.m2\repository\org\apache\tomcat\embed\tomcat-embed-el\10.1.46\tomcat-embed-el-10.1.46.jar;C:\Users\kenji\.m2\repository\org\apache\tomcat\embed\tomcat-embed-websocket\10.1.46\tomcat-embed-websocket-10.1.46.jar;C:\Users\kenji\.m2\repository\org\springframework\spring-web\6.2.11\spring-web-6.2.11.jar;C:\Users\kenji\.m2\repository\org\springframework\spring-beans\6.2.11\spring-beans-6.2.11.jar;C:\Users\kenji\.m2\repository\org\springframework\spring-webmvc\6.2.11\spring-webmvc-6.2.11.jar;C:\Users\kenji\.m2\repository\org\springframework\spring-aop\6.2.11\spring-aop-6.2.11.jar;C:\Users\kenji\.m2\repository\org\springframework\spring-context\6.2.11\spring-context-6.2.11.jar;C:\Users\kenji\.m2\repository\org\springframework\spring-expression\6.2.11\spring-expression-6.2.11.jar;C:\Users\kenji\.m2\repository\org\springframework\boot\spring-boot-starter-actuator\3.5.6\spring-boot-starter-actuator-3.5.6.jar;C:\Users\kenji\.m2\repository\org\springframework\boot\spring-boot-actuator-autoconfigure\3.5.6\spring-boot-actuator-autoconfigure-3.5.6.jar;C:\Users\kenji\.m2\repository\org\springframework\boot\spring-boot-actuator\3.5.6\spring-boot-actuator-3.5.6.jar;C:\Users\kenji\.m2\repository\io\micrometer\micrometer-observation\1.15.4\micrometer-observation-1.15.4.jar;C:\Users\kenji\.m2\repository\io\micrometer\micrometer-commons\1.15.4\micrometer-commons-1.15.4.jar;C:\Users\kenji\.m2\repository\io\micrometer\micrometer-jakarta9\1.15.4\micrometer-jakarta9-1.15.4.jar;C:\Users\kenji\.m2\repository\io\micrometer\micrometer-core\1.15.4\micrometer-core-1.15.4.jar;C:\Users\kenji\.m2\repository\org\hdrhistogram\HdrHistogram\2.2.2\HdrHistogram-2.2.2.jar;C:\Users\kenji\.m2\repository\org\latencyutils\LatencyUtils\2.0.3\LatencyUtils-2.0.3.jar;C:\Users\kenji\.m2\repository\org\jsoup\jsoup\1.16.1\jsoup-1.16.1.jar;C:\Users\kenji\.m2\repository\org\json\json\20231013\json-20231013.jar;C:\Users\kenji\.m2\repository\software\amazon\awssdk\dynamodb\2.20.26\dynamodb-2.20.26.jar;C:\Users\kenji\.m2\repository\software\amazon\awssdk\aws-json-protocol\2.28.29\aws-json-protocol-2.28.29.jar;C:\Users\kenji\.m2\repository\software\amazon\awssdk\third-party-jackson-core\2.28.29\third-party-jackson-core-2.28.29.jar;C:\Users\kenji\.m2\repository\software\amazon\awssdk\protocol-core\2.28.29\protocol-core-2.28.29.jar;C:\Users\kenji\.m2\repository\software\amazon\awssdk\profiles\2.28.29\profiles-2.28.29.jar;C:\Users\kenji\.m2\repository\software\amazon\awssdk\sdk-core\2.28.29\sdk-core-2.28.29.jar;C:\Users\kenji\.m2\repository\software\amazon\awssdk\checksums-spi\2.28.29\checksums-spi-2.28.29.jar;C:\Users\kenji\.m2\repository\software\amazon\awssdk\checksums\2.28.29\checksums-2.28.29.jar;C:\Users\kenji\.m2\repository\software\amazon\awssdk\retries\2.28.29\retries-2.28.29.jar;C:\Users\kenji\.m2\repository\software\amazon\awssdk\auth\2.28.29\auth-2.28.29.jar;C:\Users\kenji\.m2\repository\software\amazon\awssdk\http-auth-aws-eventstream\2.28.29\http-auth-aws-eventstream-2.28.29.jar;C:\Users\kenji\.m2\repository\software\amazon\eventstream\eventstream\1.0.1\eventstream-1.0.1.jar;C:\Users\kenji\.m2\repository\software\amazon\awssdk\http-client-spi\2.28.29\http-client-spi-2.28.29.jar;C:\Users\kenji\.m2\repository\software\amazon\awssdk\regions\2.28.29\regions-2.28.29.jar;C:\Users\kenji\.m2\repository\software\amazon\awssdk\annotations\2.28.29\annotations-2.28.29.jar;C:\Users\kenji\.m2\repository\software\amazon\awssdk\utils\2.28.29\utils-2.28.29.jar;C:\Users\kenji\.m2\repository\software\amazon\awssdk\aws-core\2.28.29\aws-core-2.28.29.jar;C:\Users\kenji\.m2\repository\software\amazon\awssdk\metrics-spi\2.28.29\metrics-spi-2.28.29.jar;C:\Users\kenji\.m2\repository\software\amazon\awssdk\json-utils\2.28.29\json-utils-2.28.29.jar;C:\Users\kenji\.m2\repository\software\amazon\awssdk\endpoints-spi\2.28.29\endpoints-spi-2.28.29.jar;C:\Users\kenji\.m2\repository\software\amazon\awssdk\apache-client\2.28.29\apache-client-2.28.29.jar;C:\Users\kenji\.m2\repository\org\apache\httpcomponents\httpclient\4.5.13\httpclient-4.5.13.jar;C:\Users\kenji\.m2\repository\commons-logging\commons-logging\1.2\commons-logging-1.2.jar;C:\Users\kenji\.m2\repository\org\apache\httpcomponents\httpcore\4.4.16\httpcore-4.4.16.jar;C:\Users\kenji\.m2\repository\commons-codec\commons-codec\1.18.0\commons-codec-1.18.0.jar;C:\Users\kenji\.m2\repository\software\amazon\awssdk\netty-nio-client\2.28.29\netty-nio-client-2.28.29.jar;C:\Users\kenji\.m2\repository\io\netty\netty-codec-http\4.1.127.Final\netty-codec-http-4.1.127.Final.jar;C:\Users\kenji\.m2\repository\io\netty\netty-codec-http2\4.1.127.Final\netty-codec-http2-4.1.127.Final.jar;C:\Users\kenji\.m2\repository\io\netty\netty-codec\4.1.127.Final\netty-codec-4.1.127.Final.jar;C:\Users\kenji\.m2\repository\io\netty\netty-transport\4.1.127.Final\netty-transport-4.1.127.Final.jar;C:\Users\kenji\.m2\repository\io\netty\netty-common\4.1.127.Final\netty-common-4.1.127.Final.jar;C:\Users\kenji\.m2\repository\io\netty\netty-buffer\4.1.127.Final\netty-buffer-4.1.127.Final.jar;C:\Users\kenji\.m2\repository\io\netty\netty-handler\4.1.127.Final\netty-handler-4.1.127.Final.jar;C:\Users\kenji\.m2\repository\io\netty\netty-transport-native-unix-common\4.1.127.Final\netty-transport-native-unix-common-4.1.127.Final.jar;C:\Users\kenji\.m2\repository\io\netty\netty-transport-classes-epoll\4.1.127.Final\netty-transport-classes-epoll-4.1.127.Final.jar;C:\Users\kenji\.m2\repository\io\netty\netty-resolver\4.1.127.Final\netty-resolver-4.1.127.Final.jar;C:\Users\kenji\.m2\repository\software\amazon\awssdk\dynamodb-enhanced\2.20.26\dynamodb-enhanced-2.20.26.jar;C:\Users\kenji\.m2\repository\org\seleniumhq\selenium\selenium-java\4.37.0\selenium-java-4.37.0.jar;C:\Users\kenji\.m2\repository\org\seleniumhq\selenium\selenium-api\4.31.0\selenium-api-4.31.0.jar;C:\Users\kenji\.m2\repository\org\jspecify\jspecify\1.0.0\jspecify-1.0.0.jar;C:\Users\kenji\.m2\repository\org\seleniumhq\selenium\selenium-chrome-driver\4.31.0\selenium-chrome-driver-4.31.0.jar;C:\Users\kenji\.m2\repository\com\google\auto\service\auto-service-annotations\1.1.1\auto-service-annotations-1.1.1.jar;C:\Users\kenji\.m2\repository\org\seleniumhq\selenium\selenium-chromium-driver\4.31.0\selenium-chromium-driver-4.31.0.jar;C:\Users\kenji\.m2\repository\org\seleniumhq\selenium\selenium-json\4.31.0\selenium-json-4.31.0.jar;C:\Users\kenji\.m2\repository\org\seleniumhq\selenium\selenium-manager\4.31.0\selenium-manager-4.31.0.jar;C:\Users\kenji\.m2\repository\org\seleniumhq\selenium\selenium-devtools-v139\4.37.0\selenium-devtools-v139-4.37.0.jar;C:\Users\kenji\.m2\repository\org\seleniumhq\selenium\selenium-devtools-v140\4.37.0\selenium-devtools-v140-4.37.0.jar;C:\Users\kenji\.m2\repository\org\seleniumhq\selenium\selenium-devtools-v141\4.37.0\selenium-devtools-v141-4.37.0.jar;C:\Users\kenji\.m2\repository\org\seleniumhq\selenium\selenium-edge-driver\4.31.0\selenium-edge-driver-4.31.0.jar;C:\Users\kenji\.m2\repository\org\seleniumhq\selenium\selenium-firefox-driver\4.31.0\selenium-firefox-driver-4.31.0.jar;C:\Users\kenji\.m2\repository\org\seleniumhq\selenium\selenium-http\4.31.0\selenium-http-4.31.0.jar;C:\Users\kenji\.m2\repository\org\seleniumhq\selenium\selenium-ie-driver\4.31.0\selenium-ie-driver-4.31.0.jar;C:\Users\kenji\.m2\repository\org\seleniumhq\selenium\selenium-remote-driver\4.31.0\selenium-remote-driver-4.31.0.jar;C:\Users\kenji\.m2\repository\com\google\guava\guava\33.4.6-jre\guava-33.4.6-jre.jar;C:\Users\kenji\.m2\repository\com\google\guava\failureaccess\1.0.3\failureaccess-1.0.3.jar;C:\Users\kenji\.m2\repository\com\google\guava\listenablefuture\9999.0-empty-to-avoid-conflict-with-guava\listenablefuture-9999.0-empty-to-avoid-conflict-with-guava.jar;C:\Users\kenji\.m2\repository\com\google\j2objc\j2objc-annotations\3.0.0\j2objc-annotations-3.0.0.jar;C:\Users\kenji\.m2\repository\io\opentelemetry\opentelemetry-api\1.49.0\opentelemetry-api-1.49.0.jar;C:\Users\kenji\.m2\repository\io\opentelemetry\opentelemetry-context\1.49.0\opentelemetry-context-1.49.0.jar;C:\Users\kenji\.m2\repository\io\opentelemetry\opentelemetry-exporter-logging\1.49.0\opentelemetry-exporter-logging-1.49.0.jar;C:\Users\kenji\.m2\repository\io\opentelemetry\opentelemetry-sdk-common\1.49.0\opentelemetry-sdk-common-1.49.0.jar;C:\Users\kenji\.m2\repository\io\opentelemetry\opentelemetry-sdk-extension-autoconfigure-spi\1.49.0\opentelemetry-sdk-extension-autoconfigure-spi-1.49.0.jar;C:\Users\kenji\.m2\repository\io\opentelemetry\opentelemetry-sdk-extension-autoconfigure\1.49.0\opentelemetry-sdk-extension-autoconfigure-1.49.0.jar;C:\Users\kenji\.m2\repository\io\opentelemetry\opentelemetry-sdk-trace\1.49.0\opentelemetry-sdk-trace-1.49.0.jar;C:\Users\kenji\.m2\repository\io\opentelemetry\opentelemetry-sdk\1.49.0\opentelemetry-sdk-1.49.0.jar;C:\Users\kenji\.m2\repository\io\opentelemetry\opentelemetry-sdk-metrics\1.49.0\opentelemetry-sdk-metrics-1.49.0.jar;C:\Users\kenji\.m2\repository\io\opentelemetry\opentelemetry-sdk-logs\1.49.0\opentelemetry-sdk-logs-1.49.0.jar;C:\Users\kenji\.m2\repository\net\bytebuddy\byte-buddy\1.17.7\byte-buddy-1.17.7.jar;C:\Users\kenji\.m2\repository\org\seleniumhq\selenium\selenium-os\4.31.0\selenium-os-4.31.0.jar;C:\Users\kenji\.m2\repository\org\apache\commons\commons-exec\1.4.0\commons-exec-1.4.0.jar;C:\Users\kenji\.m2\repository\org\seleniumhq\selenium\selenium-safari-driver\4.31.0\selenium-safari-driver-4.31.0.jar;C:\Users\kenji\.m2\repository\org\seleniumhq\selenium\selenium-support\4.31.0\selenium-support-4.31.0.jar;C:\Users\kenji\.m2\repository\io\github\bonigarcia\webdrivermanager\5.9.2\webdrivermanager-5.9.2.jar;C:\Users\kenji\.m2\repository\org\slf4j\slf4j-api\2.0.17\slf4j-api-2.0.17.jar;C:\Users\kenji\.m2\repository\com\google\code\gson\gson\2.13.2\gson-2.13.2.jar;C:\Users\kenji\.m2\repository\com\google\errorprone\error_prone_annotations\2.41.0\error_prone_annotations-2.41.0.jar;C:\Users\kenji\.m2\repository\com\github\docker-java\docker-java\3.4.0\docker-java-3.4.0.jar;C:\Users\kenji\.m2\repository\com\github\docker-java\docker-java-core\3.4.0\docker-java-core-3.4.0.jar;C:\Users\kenji\.m2\repository\com\github\docker-java\docker-java-api\3.4.0\docker-java-api-3.4.0.jar;C:\Users\kenji\.m2\repository\org\slf4j\jcl-over-slf4j\2.0.17\jcl-over-slf4j-2.0.17.jar;C:\Users\kenji\.m2\repository\com\github\docker-java\docker-java-transport-httpclient5\3.4.0\docker-java-transport-httpclient5-3.4.0.jar;C:\Users\kenji\.m2\repository\com\github\docker-java\docker-java-transport\3.4.0\docker-java-transport-3.4.0.jar;C:\Users\kenji\.m2\repository\net\java\dev\jna\jna\5.13.0\jna-5.13.0.jar;C:\Users\kenji\.m2\repository\org\brotli\dec\0.1.2\dec-0.1.2.jar;C:\Users\kenji\.m2\repository\org\apache\commons\commons-lang3\3.17.0\commons-lang3-3.17.0.jar;C:\Users\kenji\.m2\repository\org\apache\commons\commons-compress\1.26.2\commons-compress-1.26.2.jar;C:\Users\kenji\.m2\repository\commons-io\commons-io\2.16.1\commons-io-2.16.1.jar;C:\Users\kenji\.m2\repository\org\apache\httpcomponents\client5\httpclient5\5.5\httpclient5-5.5.jar;C:\Users\kenji\.m2\repository\org\apache\httpcomponents\core5\httpcore5\5.3.5\httpcore5-5.3.5.jar;C:\Users\kenji\.m2\repository\org\apache\httpcomponents\core5\httpcore5-h2\5.3.5\httpcore5-h2-5.3.5.jar;C:\Users\kenji\.m2\repository\com\google\maps\google-maps-services\0.18.2\google-maps-services-0.18.2.jar;C:\Users\kenji\.m2\repository\com\squareup\okhttp3\okhttp\4.9.1\okhttp-4.9.1.jar;C:\Users\kenji\.m2\repository\com\squareup\okio\okio\2.8.0\okio-2.8.0.jar;C:\Users\kenji\.m2\repository\org\jetbrains\kotlin\kotlin-stdlib-common\1.9.25\kotlin-stdlib-common-1.9.25.jar;C:\Users\kenji\.m2\repository\org\jetbrains\kotlin\kotlin-stdlib\1.9.25\kotlin-stdlib-1.9.25.jar;C:\Users\kenji\.m2\repository\org\jetbrains\annotations\13.0\annotations-13.0.jar;C:\Users\kenji\.m2\repository\io\opencensus\opencensus-api\0.25.0\opencensus-api-0.25.0.jar;C:\Users\kenji\.m2\repository\io\grpc\grpc-context\1.25.0\grpc-context-1.25.0.jar;C:\Users\kenji\.m2\repository\org\springframework\boot\spring-boot-starter-test\3.5.6\spring-boot-starter-test-3.5.6.jar;C:\Users\kenji\.m2\repository\org\springframework\boot\spring-boot-test\3.5.6\spring-boot-test-3.5.6.jar;C:\Users\kenji\.m2\repository\org\springframework\boot\spring-boot-test-autoconfigure\3.5.6\spring-boot-test-autoconfigure-3.5.6.jar;C:\Users\kenji\.m2\repository\com\jayway\jsonpath\json-path\2.9.0\json-path-2.9.0.jar;C:\Users\kenji\.m2\repository\jakarta\xml\bind\jakarta.xml.bind-api\4.0.2\jakarta.xml.bind-api-4.0.2.jar;C:\Users\kenji\.m2\repository\jakarta\activation\jakarta.activation-api\2.1.4\jakarta.activation-api-2.1.4.jar;C:\Users\kenji\.m2\repository\net\minidev\json-smart\2.5.2\json-smart-2.5.2.jar;C:\Users\kenji\.m2\repository\net\minidev\accessors-smart\2.5.2\accessors-smart-2.5.2.jar;C:\Users\kenji\.m2\repository\org\ow2\asm\asm\9.7.1\asm-9.7.1.jar;C:\Users\kenji\.m2\repository\org\assertj\assertj-core\3.27.4\assertj-core-3.27.4.jar;C:\Users\kenji\.m2\repository\org\awaitility\awaitility\4.2.2\awaitility-4.2.2.jar;C:\Users\kenji\.m2\repository\org\hamcrest\hamcrest\3.0\hamcrest-3.0.jar;C:\Users\kenji\.m2\repository\org\junit\jupiter\junit-jupiter\5.12.2\junit-jupiter-5.12.2.jar;C:\Users\kenji\.m2\repository\org\junit\jupiter\junit-jupiter-api\5.12.2\junit-jupiter-api-5.12.2.jar;C:\Users\kenji\.m2\repository\org\opentest4j\opentest4j\1.3.0\opentest4j-1.3.0.jar;C:\Users\kenji\.m2\repository\org\junit\platform\junit-platform-commons\1.12.2\junit-platform-commons-1.12.2.jar;C:\Users\kenji\.m2\repository\org\apiguardian\apiguardian-api\1.1.2\apiguardian-api-1.1.2.jar;C:\Users\kenji\.m2\repository\org\junit\jupiter\junit-jupiter-params\5.12.2\junit-jupiter-params-5.12.2.jar;C:\Users\kenji\.m2\repository\org\junit\jupiter\junit-jupiter-engine\5.12.2\junit-jupiter-engine-5.12.2.jar;C:\Users\kenji\.m2\repository\org\junit\platform\junit-platform-engine\1.12.2\junit-platform-engine-1.12.2.jar;C:\Users\kenji\.m2\repository\org\mockito\mockito-core\5.17.0\mockito-core-5.17.0.jar;C:\Users\kenji\.m2\repository\net\bytebuddy\byte-buddy-agent\1.17.7\byte-buddy-agent-1.17.7.jar;C:\Users\kenji\.m2\repository\org\objenesis\objenesis\3.3\objenesis-3.3.jar;C:\Users\kenji\.m2\repository\org\mockito\mockito-junit-jupiter\5.17.0\mockito-junit-jupiter-5.17.0.jar;C:\Users\kenji\.m2\repository\org\skyscreamer\jsonassert\1.5.3\jsonassert-1.5.3.jar;C:\Users\kenji\.m2\repository\com\vaadin\external\google\android-json\0.0.20131108.vaadin1\android-json-0.0.20131108.vaadin1.jar;C:\Users\kenji\.m2\repository\org\springframework\spring-core\6.2.11\spring-core-6.2.11.jar;C:\Users\kenji\.m2\repository\org\springframework\spring-jcl\6.2.11\spring-jcl-6.2.11.jar;C:\Users\kenji\.m2\repository\org\springframework\spring-test\6.2.11\spring-test-6.2.11.jar;C:\Users\kenji\.m2\repository\org\xmlunit\xmlunit-core\2.10.4\xmlunit-core-2.10.4.jar;C:\Users\kenji\.m2\repository\software\amazon\awssdk\bedrockruntime\2.28.29\bedrockruntime-2.28.29.jar;C:\Users\kenji\.m2\repository\software\amazon\awssdk\http-auth-aws\2.28.29\http-auth-aws-2.28.29.jar;C:\Users\kenji\.m2\repository\software\amazon\awssdk\http-auth-spi\2.28.29\http-auth-spi-2.28.29.jar;C:\Users\kenji\.m2\repository\software\amazon\awssdk\http-auth\2.28.29\http-auth-2.28.29.jar;C:\Users\kenji\.m2\repository\software\amazon\awssdk\identity-spi\2.28.29\identity-spi-2.28.29.jar;C:\Users\kenji\.m2\repository\software\amazon\awssdk\retries-spi\2.28.29\retries-spi-2.28.29.jar;C:\Users\kenji\.m2\repository\software\amazon\awssdk\bedrock\2.28.29\bedrock-2.28.29.jar;C:\Users\kenji\.m2\repository\io\gravitee\am\repository\gravitee-am-repository-api\4.6.14\gravitee-am-repository-api-4.6.14.jar;C:\Users\kenji\.m2\repository\io\gravitee\am\model\gravitee-am-model\4.6.14\gravitee-am-model-4.6.14.jar;C:\Users\kenji\.m2\repository\io\gravitee\risk\assessment\api\gravitee-risk-assessment-api\2.0.0\gravitee-risk-assessment-api-2.0.0.jar;C:\Users\kenji\.m2\repository\io\swagger\core\v3\swagger-annotations-jakarta\2.2.25\swagger-annotations-jakarta-2.2.25.jar;C:\Users\kenji\.m2\repository\io\gravitee\am\common\gravitee-am-common\4.6.14\gravitee-am-common-4.6.14.jar;C:\Users\kenji\.m2\repository\io\gravitee\common\gravitee-common\4.2.0\gravitee-common-4.2.0.jar;C:\Users\kenji\.m2\repository\com\fasterxml\uuid\java-uuid-generator\3.1.4\java-uuid-generator-3.1.4.jar;C:\Users\kenji\.m2\repository\org\freemarker\freemarker\2.3.34\freemarker-2.3.34.jar;C:\Users\kenji\.m2\repository\io\gravitee\platform\gravitee-platform-repository-api\1.4.0\gravitee-platform-repository-api-1.4.0.jar;C:\Users\kenji\.m2\repository\io\gravitee\node\gravitee-node-api\6.8.1\gravitee-node-api-6.8.1.jar;C:\Users\kenji\.m2\repository\io\gravitee\plugin\gravitee-plugin-api\4.2.0\gravitee-plugin-api-4.2.0.jar;C:\Users\kenji\.m2\repository\io\gravitee\reporter\gravitee-reporter-api\1.25.0\gravitee-reporter-api-1.25.0.jar;C:\Users\kenji\.m2\repository\io\gravitee\tracing\gravitee-tracing-api\1.0.0\gravitee-tracing-api-1.0.0.jar;C:\Users\kenji\.m2\repository\io\reactivex\rxjava3\rxjava\3.1.11\rxjava-3.1.11.jar;C:\Users\kenji\.m2\repository\org\reactivestreams\reactive-streams\1.0.4\reactive-streams-1.0.4.jar;"/>
    <property name="java.vm.vendor" value="Oracle Corporation"/>
    <property name="sun.arch.data.model" value="64"/>
    <property name="user.variant" value=""/>
    <property name="java.vendor.url" value="https://java.oracle.com/"/>
    <property name="user.timezone" value="America/Phoenix"/>
    <property name="os.name" value="Windows 11"/>
    <property name="java.vm.specification.version" value="17"/>
    <property name="APPLICATION_NAME" value="backend"/>
    <property name="sun.java.launcher" value="SUN_STANDARD"/>
    <property name="user.country" value="US"/>
    <property name="sun.boot.library.path" value="C:\Program Files\Java\jdk-17\bin"/>
    <property name="sun.java.command" value="C:\Users\kenji\AppData\Local\Temp\surefire1335321009618402474\surefirebooter-20251019105017597_3.jar C:\Users\kenji\AppData\Local\Temp\surefire1335321009618402474 2025-10-19T10-50-17_443-jvmRun1 surefire-20251019105017597_1tmp surefire_0-20251019105017597_2tmp"/>
    <property name="jdk.debug" value="release"/>
    <property name="surefire.test.class.path" value="C:\Users\kenji\Downloads\eventure\eventure\backend\target\test-classes;C:\Users\kenji\Downloads\eventure\eventure\backend\target\classes;C:\Users\kenji\.m2\repository\org\projectlombok\lombok\1.18.34\lombok-1.18.34.jar;C:\Users\kenji\.m2\repository\org\springframework\boot\spring-boot-starter-web\3.5.6\spring-boot-starter-web-3.5.6.jar;C:\Users\kenji\.m2\repository\org\springframework\boot\spring-boot-starter\3.5.6\spring-boot-starter-3.5.6.jar;C:\Users\kenji\.m2\repository\org\springframework\boot\spring-boot\3.5.6\spring-boot-3.5.6.jar;C:\Users\kenji\.m2\repository\org\springframework\boot\spring-boot-autoconfigure\3.5.6\spring-boot-autoconfigure-3.5.6.jar;C:\Users\kenji\.m2\repository\org\springframework\boot\spring-boot-starter-logging\3.5.6\spring-boot-starter-logging-3.5.6.jar;C:\Users\kenji\.m2\repository\ch\qos\logback\logback-classic\1.5.18\logback-classic-1.5.18.jar;C:\Users\kenji\.m2\repository\ch\qos\logback\logback-core\1.5.18\logback-core-1.5.18.jar;C:\Users\kenji\.m2\repository\org\apache\logging\log4j\log4j-to-slf4j\2.24.3\log4j-to-slf4j-2.24.3.jar;C:\Users\kenji\.m2\repository\org\apache\logging\log4j\log4j-api\2.24.3\log4j-api-2.24.3.jar;C:\Users\kenji\.m2\repository\org\slf4j\jul-to-slf4j\2.0.17\jul-to-slf4j-2.0.17.jar;C:\Users\kenji\.m2\repository\jakarta\annotation\jakarta.annotation-api\2.1.1\jakarta.annotation-api-2.1.1.jar;C:\Users\kenji\.m2\repository\org\yaml\snakeyaml\2.4\snakeyaml-2.4.jar;C:\Users\kenji\.m2\repository\org\springframework\boot\spring-boot-starter-json\3.5.6\spring-boot-starter-json-3.5.6.jar;C:\Users\kenji\.m2\repository\com\fasterxml\jackson\core\jackson-databind\2.19.2\jackson-databind-2.19.2.jar;C:\Users\kenji\.m2\repository\com\fasterxml\jackson\core\jackson-annotations\2.19.2\jackson-annotations-2.19.2.jar;C:\Users\kenji\.m2\repository\com\fasterxml\jackson\core\jackson-core\2.19.2\jackson-core-2.19.2.jar;C:\Users\kenji\.m2\repository\com\fasterxml\jackson\datatype\jackson-datatype-jdk8\2.19.2\jackson-datatype-jdk8-2.19.2.jar;C:\Users\kenji\.m2\repository\com\fasterxml\jackson\datatype\jackson-datatype-jsr310\2.19.2\jackson-datatype-jsr310-2.19.2.jar;C:\Users\kenji\.m2\repository\com\fasterxml\jackson\module\jackson-module-parameter-names\2.19.2\jackson-module-parameter-names-2.19.2.jar;C:\Users\kenji\.m2\repository\org\springframework\boot\spring-boot-starter-tomcat\3.5.6\spring-boot-starter-tomcat-3.5.6.jar;C:\Users\kenji\.m2\repository\org\apache\tomcat\embed\tomcat-embed-core\10.1.46\tomcat-embed-core-10.1.46.jar;C:\Users\kenji\.m2\repository\org\apache\tomcat\embed\tomcat-embed-el\10.1.46\tomcat-embed-el-10.1.46.jar;C:\Users\kenji\.m2\repository\org\apache\tomcat\embed\tomcat-embed-websocket\10.1.46\tomcat-embed-websocket-10.1.46.jar;C:\Users\kenji\.m2\repository\org\springframework\spring-web\6.2.11\spring-web-6.2.11.jar;C:\Users\kenji\.m2\repository\org\springframework\spring-beans\6.2.11\spring-beans-6.2.11.jar;C:\Users\kenji\.m2\repository\org\springframework\spring-webmvc\6.2.11\spring-webmvc-6.2.11.jar;C:\Users\kenji\.m2\repository\org\springframework\spring-aop\6.2.11\spring-aop-6.2.11.jar;C:\Users\kenji\.m2\repository\org\springframework\spring-context\6.2.11\spring-context-6.2.11.jar;C:\Users\kenji\.m2\repository\org\springframework\spring-expression\6.2.11\spring-expression-6.2.11.jar;C:\Users\kenji\.m2\repository\org\springframework\boot\spring-boot-starter-actuator\3.5.6\spring-boot-starter-actuator-3.5.6.jar;C:\Users\kenji\.m2\repository\org\springframework\boot\spring-boot-actuator-autoconfigure\3.5.6\spring-boot-actuator-autoconfigure-3.5.6.jar;C:\Users\kenji\.m2\repository\org\springframework\boot\spring-boot-actuator\3.5.6\spring-boot-actuator-3.5.6.jar;C:\Users\kenji\.m2\repository\io\micrometer\micrometer-observation\1.15.4\micrometer-observation-1.15.4.jar;C:\Users\kenji\.m2\repository\io\micrometer\micrometer-commons\1.15.4\micrometer-commons-1.15.4.jar;C:\Users\kenji\.m2\repository\io\micrometer\micrometer-jakarta9\1.15.4\micrometer-jakarta9-1.15.4.jar;C:\Users\kenji\.m2\repository\io\micrometer\micrometer-core\1.15.4\micrometer-core-1.15.4.jar;C:\Users\kenji\.m2\repository\org\hdrhistogram\HdrHistogram\2.2.2\HdrHistogram-2.2.2.jar;C:\Users\kenji\.m2\repository\org\latencyutils\LatencyUtils\2.0.3\LatencyUtils-2.0.3.jar;C:\Users\kenji\.m2\repository\org\jsoup\jsoup\1.16.1\jsoup-1.16.1.jar;C:\Users\kenji\.m2\repository\org\json\json\20231013\json-20231013.jar;C:\Users\kenji\.m2\repository\software\amazon\awssdk\dynamodb\2.20.26\dynamodb-2.20.26.jar;C:\Users\kenji\.m2\repository\software\amazon\awssdk\aws-json-protocol\2.28.29\aws-json-protocol-2.28.29.jar;C:\Users\kenji\.m2\repository\software\amazon\awssdk\third-party-jackson-core\2.28.29\third-party-jackson-core-2.28.29.jar;C:\Users\kenji\.m2\repository\software\amazon\awssdk\protocol-core\2.28.29\protocol-core-2.28.29.jar;C:\Users\kenji\.m2\repository\software\amazon\awssdk\profiles\2.28.29\profiles-2.28.29.jar;C:\Users\kenji\.m2\repository\software\amazon\awssdk\sdk-core\2.28.29\sdk-core-2.28.29.jar;C:\Users\kenji\.m2\repository\software\amazon\awssdk\checksums-spi\2.28.29\checksums-spi-2.28.29.jar;C:\Users\kenji\.m2\repository\software\amazon\awssdk\checksums\2.28.29\checksums-2.28.29.jar;C:\Users\kenji\.m2\repository\software\amazon\awssdk\retries\2.28.29\retries-2.28.29.jar;C:\Users\kenji\.m2\repository\software\amazon\awssdk\auth\2.28.29\auth-2.28.29.jar;C:\Users\kenji\.m2\repository\software\amazon\awssdk\http-auth-aws-eventstream\2.28.29\http-auth-aws-eventstream-2.28.29.jar;C:\Users\kenji\.m2\repository\software\amazon\eventstream\eventstream\1.0.1\eventstream-1.0.1.jar;C:\Users\kenji\.m2\repository\software\amazon\awssdk\http-client-spi\2.28.29\http-client-spi-2.28.29.jar;C:\Users\kenji\.m2\repository\software\amazon\awssdk\regions\2.28.29\regions-2.28.29.jar;C:\Users\kenji\.m2\repository\software\amazon\awssdk\annotations\2.28.29\annotations-2.28.29.jar;C:\Users\kenji\.m2\repository\software\amazon\awssdk\utils\2.28.29\utils-2.28.29.jar;C:\Users\kenji\.m2\repository\software\amazon\awssdk\aws-core\2.28.29\aws-core-2.28.29.jar;C:\Users\kenji\.m2\repository\software\amazon\awssdk\metrics-spi\2.28.29\metrics-spi-2.28.29.jar;C:\Users\kenji\.m2\repository\software\amazon\awssdk\json-utils\2.28.29\json-utils-2.28.29.jar;C:\Users\kenji\.m2\repository\software\amazon\awssdk\endpoints-spi\2.28.29\endpoints-spi-2.28.29.jar;C:\Users\kenji\.m2\repository\software\amazon\awssdk\apache-client\2.28.29\apache-client-2.28.29.jar;C:\Users\kenji\.m2\repository\org\apache\httpcomponents\httpclient\4.5.13\httpclient-4.5.13.jar;C:\Users\kenji\.m2\repository\commons-logging\commons-logging\1.2\commons-logging-1.2.jar;C:\Users\kenji\.m2\repository\org\apache\httpcomponents\httpcore\4.4.16\httpcore-4.4.16.jar;C:\Users\kenji\.m2\repository\commons-codec\commons-codec\1.18.0\commons-codec-1.18.0.jar;C:\Users\kenji\.m2\repository\software\amazon\awssdk\netty-nio-client\2.28.29\netty-nio-client-2.28.29.jar;C:\Users\kenji\.m2\repository\io\netty\netty-codec-http\4.1.127.Final\netty-codec-http-4.1.127.Final.jar;C:\Users\kenji\.m2\repository\io\netty\netty-codec-http2\4.1.127.Final\netty-codec-http2-4.1.127.Final.jar;C:\Users\kenji\.m2\repository\io\netty\netty-codec\4.1.127.Final\netty-codec-4.1.127.Final.jar;C:\Users\kenji\.m2\repository\io\netty\netty-transport\4.1.127.Final\netty-transport-4.1.127.Final.jar;C:\Users\kenji\.m2\repository\io\netty\netty-common\4.1.127.Final\netty-common-4.1.127.Final.jar;C:\Users\kenji\.m2\repository\io\netty\netty-buffer\4.1.127.Final\netty-buffer-4.1.127.Final.jar;C:\Users\kenji\.m2\repository\io\netty\netty-handler\4.1.127.Final\netty-handler-4.1.127.Final.jar;C:\Users\kenji\.m2\repository\io\netty\netty-transport-native-unix-common\4.1.127.Final\netty-transport-native-unix-common-4.1.127.Final.jar;C:\Users\kenji\.m2\repository\io\netty\netty-transport-classes-epoll\4.1.127.Final\netty-transport-classes-epoll-4.1.127.Final.jar;C:\Users\kenji\.m2\repository\io\netty\netty-resolver\4.1.127.Final\netty-resolver-4.1.127.Final.jar;C:\Users\kenji\.m2\repository\software\amazon\awssdk\dynamodb-enhanced\2.20.26\dynamodb-enhanced-2.20.26.jar;C:\Users\kenji\.m2\repository\org\seleniumhq\selenium\selenium-java\4.37.0\selenium-java-4.37.0.jar;C:\Users\kenji\.m2\repository\org\seleniumhq\selenium\selenium-api\4.31.0\selenium-api-4.31.0.jar;C:\Users\kenji\.m2\repository\org\jspecify\jspecify\1.0.0\jspecify-1.0.0.jar;C:\Users\kenji\.m2\repository\org\seleniumhq\selenium\selenium-chrome-driver\4.31.0\selenium-chrome-driver-4.31.0.jar;C:\Users\kenji\.m2\repository\com\google\auto\service\auto-service-annotations\1.1.1\auto-service-annotations-1.1.1.jar;C:\Users\kenji\.m2\repository\org\seleniumhq\selenium\selenium-chromium-driver\4.31.0\selenium-chromium-driver-4.31.0.jar;C:\Users\kenji\.m2\repository\org\seleniumhq\selenium\selenium-json\4.31.0\selenium-json-4.31.0.jar;C:\Users\kenji\.m2\repository\org\seleniumhq\selenium\selenium-manager\4.31.0\selenium-manager-4.31.0.jar;C:\Users\kenji\.m2\repository\org\seleniumhq\selenium\selenium-devtools-v139\4.37.0\selenium-devtools-v139-4.37.0.jar;C:\Users\kenji\.m2\repository\org\seleniumhq\selenium\selenium-devtools-v140\4.37.0\selenium-devtools-v140-4.37.0.jar;C:\Users\kenji\.m2\repository\org\seleniumhq\selenium\selenium-devtools-v141\4.37.0\selenium-devtools-v141-4.37.0.jar;C:\Users\kenji\.m2\repository\org\seleniumhq\selenium\selenium-edge-driver\4.31.0\selenium-edge-driver-4.31.0.jar;C:\Users\kenji\.m2\repository\org\seleniumhq\selenium\selenium-firefox-driver\4.31.0\selenium-firefox-driver-4.31.0.jar;C:\Users\kenji\.m2\repository\org\seleniumhq\selenium\selenium-http\4.31.0\selenium-http-4.31.0.jar;C:\Users\kenji\.m2\repository\org\seleniumhq\selenium\selenium-ie-driver\4.31.0\selenium-ie-driver-4.31.0.jar;C:\Users\kenji\.m2\repository\org\seleniumhq\selenium\selenium-remote-driver\4.31.0\selenium-remote-driver-4.31.0.jar;C:\Users\kenji\.m2\repository\com\google\guava\guava\33.4.6-jre\guava-33.4.6-jre.jar;C:\Users\kenji\.m2\repository\com\google\guava\failureaccess\1.0.3\failureaccess-1.0.3.jar;C:\Users\kenji\.m2\repository\com\google\guava\listenablefuture\9999.0-empty-to-avoid-conflict-with-guava\listenablefuture-9999.0-empty-to-avoid-conflict-with-guava.jar;C:\Users\kenji\.m2\repository\com\google\j2objc\j2objc-annotations\3.0.0\j2objc-annotations-3.0.0.jar;C:\Users\kenji\.m2\repository\io\opentelemetry\opentelemetry-api\1.49.0\opentelemetry-api-1.49.0.jar;C:\Users\kenji\.m2\repository\io\opentelemetry\opentelemetry-context\1.49.0\opentelemetry-context-1.49.0.jar;C:\Users\kenji\.m2\repository\io\opentelemetry\opentelemetry-exporter-logging\1.49.0\opentelemetry-exporter-logging-1.49.0.jar;C:\Users\kenji\.m2\repository\io\opentelemetry\opentelemetry-sdk-common\1.49.0\opentelemetry-sdk-common-1.49.0.jar;C:\Users\kenji\.m2\repository\io\opentelemetry\opentelemetry-sdk-extension-autoconfigure-spi\1.49.0\opentelemetry-sdk-extension-autoconfigure-spi-1.49.0.jar;C:\Users\kenji\.m2\repository\io\opentelemetry\opentelemetry-sdk-extension-autoconfigure\1.49.0\opentelemetry-sdk-extension-autoconfigure-1.49.0.jar;C:\Users\kenji\.m2\repository\io\opentelemetry\opentelemetry-sdk-trace\1.49.0\opentelemetry-sdk-trace-1.49.0.jar;C:\Users\kenji\.m2\repository\io\opentelemetry\opentelemetry-sdk\1.49.0\opentelemetry-sdk-1.49.0.jar;C:\Users\kenji\.m2\repository\io\opentelemetry\opentelemetry-sdk-metrics\1.49.0\opentelemetry-sdk-metrics-1.49.0.jar;C:\Users\kenji\.m2\repository\io\opentelemetry\opentelemetry-sdk-logs\1.49.0\opentelemetry-sdk-logs-1.49.0.jar;C:\Users\kenji\.m2\repository\net\bytebuddy\byte-buddy\1.17.7\byte-buddy-1.17.7.jar;C:\Users\kenji\.m2\repository\org\seleniumhq\selenium\selenium-os\4.31.0\selenium-os-4.31.0.jar;C:\Users\kenji\.m2\repository\org\apache\commons\commons-exec\1.4.0\commons-exec-1.4.0.jar;C:\Users\kenji\.m2\repository\org\seleniumhq\selenium\selenium-safari-driver\4.31.0\selenium-safari-driver-4.31.0.jar;C:\Users\kenji\.m2\repository\org\seleniumhq\selenium\selenium-support\4.31.0\selenium-support-4.31.0.jar;C:\Users\kenji\.m2\repository\io\github\bonigarcia\webdrivermanager\5.9.2\webdrivermanager-5.9.2.jar;C:\Users\kenji\.m2\repository\org\slf4j\slf4j-api\2.0.17\slf4j-api-2.0.17.jar;C:\Users\kenji\.m2\repository\com\google\code\gson\gson\2.13.2\gson-2.13.2.jar;C:\Users\kenji\.m2\repository\com\google\errorprone\error_prone_annotations\2.41.0\error_prone_annotations-2.41.0.jar;C:\Users\kenji\.m2\repository\com\github\docker-java\docker-java\3.4.0\docker-java-3.4.0.jar;C:\Users\kenji\.m2\repository\com\github\docker-java\docker-java-core\3.4.0\docker-java-core-3.4.0.jar;C:\Users\kenji\.m2\repository\com\github\docker-java\docker-java-api\3.4.0\docker-java-api-3.4.0.jar;C:\Users\kenji\.m2\repository\org\slf4j\jcl-over-slf4j\2.0.17\jcl-over-slf4j-2.0.17.jar;C:\Users\kenji\.m2\repository\com\github\docker-java\docker-java-transport-httpclient5\3.4.0\docker-java-transport-httpclient5-3.4.0.jar;C:\Users\kenji\.m2\repository\com\github\docker-java\docker-java-transport\3.4.0\docker-java-transport-3.4.0.jar;C:\Users\kenji\.m2\repository\net\java\dev\jna\jna\5.13.0\jna-5.13.0.jar;C:\Users\kenji\.m2\repository\org\brotli\dec\0.1.2\dec-0.1.2.jar;C:\Users\kenji\.m2\repository\org\apache\commons\commons-lang3\3.17.0\commons-lang3-3.17.0.jar;C:\Users\kenji\.m2\repository\org\apache\commons\commons-compress\1.26.2\commons-compress-1.26.2.jar;C:\Users\kenji\.m2\repository\commons-io\commons-io\2.16.1\commons-io-2.16.1.jar;C:\Users\kenji\.m2\repository\org\apache\httpcomponents\client5\httpclient5\5.5\httpclient5-5.5.jar;C:\Users\kenji\.m2\repository\org\apache\httpcomponents\core5\httpcore5\5.3.5\httpcore5-5.3.5.jar;C:\Users\kenji\.m2\repository\org\apache\httpcomponents\core5\httpcore5-h2\5.3.5\httpcore5-h2-5.3.5.jar;C:\Users\kenji\.m2\repository\com\google\maps\google-maps-services\0.18.2\google-maps-services-0.18.2.jar;C:\Users\kenji\.m2\repository\com\squareup\okhttp3\okhttp\4.9.1\okhttp-4.9.1.jar;C:\Users\kenji\.m2\repository\com\squareup\okio\okio\2.8.0\okio-2.8.0.jar;C:\Users\kenji\.m2\repository\org\jetbrains\kotlin\kotlin-stdlib-common\1.9.25\kotlin-stdlib-common-1.9.25.jar;C:\Users\kenji\.m2\repository\org\jetbrains\kotlin\kotlin-stdlib\1.9.25\kotlin-stdlib-1.9.25.jar;C:\Users\kenji\.m2\repository\org\jetbrains\annotations\13.0\annotations-13.0.jar;C:\Users\kenji\.m2\repository\io\opencensus\opencensus-api\0.25.0\opencensus-api-0.25.0.jar;C:\Users\kenji\.m2\repository\io\grpc\grpc-context\1.25.0\grpc-context-1.25.0.jar;C:\Users\kenji\.m2\repository\org\springframework\boot\spring-boot-starter-test\3.5.6\spring-boot-starter-test-3.5.6.jar;C:\Users\kenji\.m2\repository\org\springframework\boot\spring-boot-test\3.5.6\spring-boot-test-3.5.6.jar;C:\Users\kenji\.m2\repository\org\springframework\boot\spring-boot-test-autoconfigure\3.5.6\spring-boot-test-autoconfigure-3.5.6.jar;C:\Users\kenji\.m2\repository\com\jayway\jsonpath\json-path\2.9.0\json-path-2.9.0.jar;C:\Users\kenji\.m2\repository\jakarta\xml\bind\jakarta.xml.bind-api\4.0.2\jakarta.xml.bind-api-4.0.2.jar;C:\Users\kenji\.m2\repository\jakarta\activation\jakarta.activation-api\2.1.4\jakarta.activation-api-2.1.4.jar;C:\Users\kenji\.m2\repository\net\minidev\json-smart\2.5.2\json-smart-2.5.2.jar;C:\Users\kenji\.m2\repository\net\minidev\accessors-smart\2.5.2\accessors-smart-2.5.2.jar;C:\Users\kenji\.m2\repository\org\ow2\asm\asm\9.7.1\asm-9.7.1.jar;C:\Users\kenji\.m2\repository\org\assertj\assertj-core\3.27.4\assertj-core-3.27.4.jar;C:\Users\kenji\.m2\repository\org\awaitility\awaitility\4.2.2\awaitility-4.2.2.jar;C:\Users\kenji\.m2\repository\org\hamcrest\hamcrest\3.0\hamcrest-3.0.jar;C:\Users\kenji\.m2\repository\org\junit\jupiter\junit-jupiter\5.12.2\junit-jupiter-5.12.2.jar;C:\Users\kenji\.m2\repository\org\junit\jupiter\junit-jupiter-api\5.12.2\junit-jupiter-api-5.12.2.jar;C:\Users\kenji\.m2\repository\org\opentest4j\opentest4j\1.3.0\opentest4j-1.3.0.jar;C:\Users\kenji\.m2\repository\org\junit\platform\junit-platform-commons\1.12.2\junit-platform-commons-1.12.2.jar;C:\Users\kenji\.m2\repository\org\apiguardian\apiguardian-api\1.1.2\apiguardian-api-1.1.2.jar;C:\Users\kenji\.m2\repository\org\junit\jupiter\junit-jupiter-params\5.12.2\junit-jupiter-params-5.12.2.jar;C:\Users\kenji\.m2\repository\org\junit\jupiter\junit-jupiter-engine\5.12.2\junit-jupiter-engine-5.12.2.jar;C:\Users\kenji\.m2\repository\org\junit\platform\junit-platform-engine\1.12.2\junit-platform-engine-1.12.2.jar;C:\Users\kenji\.m2\repository\org\mockito\mockito-core\5.17.0\mockito-core-5.17.0.jar;C:\Users\kenji\.m2\repository\net\bytebuddy\byte-buddy-agent\1.17.7\byte-buddy-agent-1.17.7.jar;C:\Users\kenji\.m2\repository\org\objenesis\objenesis\3.3\objenesis-3.3.jar;C:\Users\kenji\.m2\repository\org\mockito\mockito-junit-jupiter\5.17.0\mockito-junit-jupiter-5.17.0.jar;C:\Users\kenji\.m2\repository\org\skyscreamer\jsonassert\1.5.3\jsonassert-1.5.3.jar;C:\Users\kenji\.m2\repository\com\vaadin\external\google\android-json\0.0.20131108.vaadin1\android-json-0.0.20131108.vaadin1.jar;C:\Users\kenji\.m2\repository\org\springframework\spring-core\6.2.11\spring-core-6.2.11.jar;C:\Users\kenji\.m2\repository\org\springframework\spring-jcl\6.2.11\spring-jcl-6.2.11.jar;C:\Users\kenji\.m2\repository\org\springframework\spring-test\6.2.11\spring-test-6.2.11.jar;C:\Users\kenji\.m2\repository\org\xmlunit\xmlunit-core\2.10.4\xmlunit-core-2.10.4.jar;C:\Users\kenji\.m2\repository\software\amazon\awssdk\bedrockruntime\2.28.29\bedrockruntime-2.28.29.jar;C:\Users\kenji\.m2\repository\software\amazon\awssdk\http-auth-aws\2.28.29\http-auth-aws-2.28.29.jar;C:\Users\kenji\.m2\repository\software\amazon\awssdk\http-auth-spi\2.28.29\http-auth-spi-2.28.29.jar;C:\Users\kenji\.m2\repository\software\amazon\awssdk\http-auth\2.28.29\http-auth-2.28.29.jar;C:\Users\kenji\.m2\repository\software\amazon\awssdk\identity-spi\2.28.29\identity-spi-2.28.29.jar;C:\Users\kenji\.m2\repository\software\amazon\awssdk\retries-spi\2.28.29\retries-spi-2.28.29.jar;C:\Users\kenji\.m2\repository\software\amazon\awssdk\bedrock\2.28.29\bedrock-2.28.29.jar;C:\Users\kenji\.m2\repository\io\gravitee\am\repository\gravitee-am-repository-api\4.6.14\gravitee-am-repository-api-4.6.14.jar;C:\Users\kenji\.m2\repository\io\gravitee\am\model\gravitee-am-model\4.6.14\gravitee-am-model-4.6.14.jar;C:\Users\kenji\.m2\repository\io\gravitee\risk\assessment\api\gravitee-risk-assessment-api\2.0.0\gravitee-risk-assessment-api-2.0.0.jar;C:\Users\kenji\.m2\repository\io\swagger\core\v3\swagger-annotations-jakarta\2.2.25\swagger-annotations-jakarta-2.2.25.jar;C:\Users\kenji\.m2\repository\io\gravitee\am\common\gravitee-am-common\4.6.14\gravitee-am-common-4.6.14.jar;C:\Users\kenji\.m2\repository\io\gravitee\common\gravitee-common\4.2.0\gravitee-common-4.2.0.jar;C:\Users\kenji\.m2\repository\com\fasterxml\uuid\java-uuid-generator\3.1.4\java-uuid-generator-3.1.4.jar;C:\Users\kenji\.m2\repository\org\freemarker\freemarker\2.3.34\freemarker-2.3.34.jar;C:\Users\kenji\.m2\repository\io\gravitee\platform\gravitee-platform-repository-api\1.4.0\gravitee-platform-repository-api-1.4.0.jar;C:\Users\kenji\.m2\repository\io\gravitee\node\gravitee-node-api\6.8.1\gravitee-node-api-6.8.1.jar;C:\Users\kenji\.m2\repository\io\gravitee\plugin\gravitee-plugin-api\4.2.0\gravitee-plugin-api-4.2.0.jar;C:\Users\kenji\.m2\repository\io\gravitee\reporter\gravitee-reporter-api\1.25.0\gravitee-reporter-api-1.25.0.jar;C:\Users\kenji\.m2\repository\io\gravitee\tracing\gravitee-tracing-api\1.0.0\gravitee-tracing-api-1.0.0.jar;C:\Users\kenji\.m2\repository\io\reactivex\rxjava3\rxjava\3.1.11\rxjava-3.1.11.jar;C:\Users\kenji\.m2\repository\org\reactivestreams\reactive-streams\1.0.4\reactive-streams-1.0.4.jar;"/>
    <property name="sun.cpu.endian" value="little"/>
    <property name="user.home" value="C:\Users\kenji"/>
    <property name="user.language" value="en"/>
    <property name="java.specification.vendor" value="Oracle Corporation"/>
    <property name="java.version.date" value="2024-07-16"/>
    <property name="java.home" value="C:\Program Files\Java\jdk-17"/>
    <property name="file.separator" value="\"/>
    <property name="basedir" value="C:\Users\kenji\Downloads\eventure\eventure\backend"/>
    <property name="java.vm.compressedOopsMode" value="Zero based"/>
    <property name="line.separator" value="&#10;"/>
    <property name="java.vm.specification.vendor" value="Oracle Corporation"/>
    <property name="java.specification.name" value="Java Platform API Specification"/>
    <property name="FILE_LOG_CHARSET" value="windows-1252"/>
    <property name="java.awt.headless" value="true"/>
    <property name="surefire.real.class.path" value="C:\Users\kenji\AppData\Local\Temp\surefire1335321009618402474\surefirebooter-20251019105017597_3.jar"/>
    <property name="user.script" value=""/>
    <property name="sun.management.compiler" value="HotSpot 64-Bit Tiered Compilers"/>
    <property name="java.runtime.version" value="17.0.12+8-LTS-286"/>
    <property name="user.name" value="kenji"/>
    <property name="path.separator" value=";"/>
    <property name="os.version" value="10.0"/>
    <property name="java.runtime.name" value="Java(TM) SE Runtime Environment"/>
    <property name="file.encoding" value="Cp1252"/>
    <property name="java.vm.name" value="Java HotSpot(TM) 64-Bit Server VM"/>
    <property name="localRepository" value="C:\Users\kenji\.m2\repository"/>
    <property name="java.vendor.url.bug" value="https://bugreport.java.com/bugreport/"/>
    <property name="java.io.tmpdir" value="C:\Users\kenji\AppData\Local\Temp\"/>
    <property name="java.version" value="17.0.12"/>
    <property name="user.dir" value="C:\Users\kenji\Downloads\eventure\eventure\backend"/>
    <property name="os.arch" value="amd64"/>
    <property name="java.vm.specification.name" value="Java Virtual Machine Specification"/>
    <property name="PID" value="18844"/>
    <property name="sun.os.patch.level" value=""/>
    <property name="CONSOLE_LOG_CHARSET" value="windows-1252"/>
    <property name="native.encoding" value="Cp1252"/>
    <property name="java.library.path" value="C:\Program Files\Java\jdk-17\bin;C:\windows\Sun\Java\bin;C:\windows\system32;C:\windows;C:\Program Files\Common Files\Oracle\Java\javapath;C:\windows\system32;C:\windows;C:\windows\System32\Wbem;C:\windows\System32\WindowsPowerShell\v1.0\;C:\windows\System32\OpenSSH\;C:\Program Files\HP\HP One Agent;C:\Program Files\Git\cmd;C:\Program Files\nodejs\;$env:PATH;C:\Program Files\Java\jdk-17\bin;C:\Users\kenji\AppData\Roaming\npm;c:\Users\kenji\AppData\Roaming\Code\User\globalStorage\github.copilot-chat\debugCommand;."/>
    <property name="java.vm.info" value="mixed mode, sharing"/>
    <property name="java.vendor" value="Oracle Corporation"/>
    <property name="java.vm.version" value="17.0.12+8-LTS-286"/>
    <property name="sun.io.unicode.encoding" value="UnicodeLittle"/>
    <property name="java.class.version" value="61.0"/>
    <property name="LOGGED_APPLICATION_NAME" value="[backend] "/>
  </properties>
  <testcase name="contextLoads" classname="beck.backend.BackendApplicationTests" time="0.758">
    <system-out><![CDATA[10:50:18.386 [main] INFO org.springframework.test.context.support.AnnotationConfigContextLoaderUtils -- Could not detect default configuration classes for test class [beck.backend.BackendApplicationTests]: BackendApplicationTests does not declare any static, non-private, non-final, nested classes annotated with @Configuration.
10:50:18.513 [main] INFO org.springframework.boot.test.context.SpringBootTestContextBootstrapper -- Found @SpringBootConfiguration beck.backend.BackendApplication for test class beck.backend.BackendApplicationTests

  .   ____          _            __ _ _
 /\\ / ___'_ __ _ _(_)_ __  __ _ \ \ \ \
( ( )\___ | '_ | '_| | '_ \/ _` | \ \ \ \
 \\/  ___)| |_)| | | | | || (_| |  ) ) ) )
  '  |____| .__|_| |_|_| |_\__, | / / / /
 =========|_|==============|___/=/_/_/_/

 :: Spring Boot ::                (v3.5.6)

2025-10-19T10:50:18.951-07:00  WARN 18844 --- [backend] [           main] ory$DuplicateJsonObjectContextCustomizer : 

Found multiple occurrences of org.json.JSONObject on the class path:

	jar:file:/C:/Users/kenji/.m2/repository/org/json/json/20231013/json-20231013.jar!/org/json/JSONObject.class
	jar:file:/C:/Users/kenji/.m2/repository/com/vaadin/external/google/android-json/0.0.20131108.vaadin1/android-json-0.0.20131108.vaadin1.jar!/org/json/JSONObject.class

You may wish to exclude one of them to ensure predictable runtime behavior

2025-10-19T10:50:18.977-07:00  INFO 18844 --- [backend] [           main] beck.backend.BackendApplicationTests     : Starting BackendApplicationTests using Java 17.0.12 with PID 18844 (started by kenji in C:\Users\kenji\Downloads\eventure\eventure\backend)
2025-10-19T10:50:18.979-07:00  INFO 18844 --- [backend] [           main] beck.backend.BackendApplicationTests     : No active profile set, falling back to 1 default profile: "default"
2025-10-19T10:50:21.528-07:00  INFO 18844 --- [backend] [           main] b.backend.repository.EventRepository     : Table 'Events' already exists
2025-10-19T10:50:22.379-07:00  INFO 18844 --- [backend] [           main] o.s.b.a.e.web.EndpointLinksResolver      : Exposing 1 endpoint beneath base path '/actuator'
2025-10-19T10:50:22.459-07:00  INFO 18844 --- [backend] [           main] beck.backend.BackendApplicationTests     : Started BackendApplicationTests in 3.769 seconds (process running for 4.736)
]]></system-out>
  </testcase>
</testsuite>